Build started 13-12-2014 10:30:12.
     1>Project "C:\Users\dipsausje\Desktop\Documents\of_v0.8.4_vs_release\apps\myApps\mmm_appelcake__\mmm_appelcake__.vcxproj" on node 2 (Build target(s)).
     1>ClCompile:
         C:\Program Files (x86)\Microsoft Visual Studio 11.0\VC\bin\CL.exe /c /I..\..\..\libs\openFrameworks /I..\..\..\libs\openFrameworks\graphics /I..\..\..\libs\openFrameworks\app /I..\..\..\libs\openFrameworks\sound /I..\..\..\libs\openFrameworks\utils /I..\..\..\libs\openFrameworks\communication /I..\..\..\libs\openFrameworks\video /I..\..\..\libs\openFrameworks\types /I..\..\..\libs\openFrameworks\math /I..\..\..\libs\openFrameworks\3d /I..\..\..\libs\openFrameworks\gl /I..\..\..\libs\openFrameworks\events /I..\..\..\libs\glut\include /I..\..\..\libs\rtAudio\include /I..\..\..\libs\quicktime\include /I..\..\..\libs\freetype\include /I..\..\..\libs\freetype\include\freetype2 /I..\..\..\libs\freeImage\include /I..\..\..\libs\fmodex\include /I..\..\..\libs\videoInput\include /I..\..\..\libs\glew\include\ /I..\..\..\libs\glu\include /I..\..\..\libs\tess2\include /I..\..\..\libs\cairo\include\cairo /I..\..\..\libs\poco\include /I..\..\..\libs\glfw\include /I..\..\..\libs\openssl\include /I..\..\..\addons /Isrc /ZI /nologo /W3 /WX- /Od /Oy- /D WIN32 /D _DEBUG /D _CONSOLE /D POCO_STATIC /D CAIRO_WIN32_STATIC_BUILD /D DISABLE_SOME_FLOATING_POINT /D _UNICODE /D UNICODE /Gm /EHsc /RTC1 /MDd /GS /fp:precise /Zc:wchar_t /Zc:forScope /Fo"obj\Debug\\" /Fd"obj\Debug\vc110.pdb" /Gd /TP /analyze- /errorReport:prompt src\Circles.cpp src\ofApp.cpp
         ofApp.cpp
     1>c:\users\dipsausje\desktop\documents\of_v0.8.4_vs_release\libs\poco\include\poco\streamconverter.h(126): warning C4250: 'Poco::InputStreamConverter' : inherits 'std::basic_istream<_Elem,_Traits>::std::basic_istream<_Elem,_Traits>::_Add_vtordisp1' via dominance
                 with
                 [
                     _Elem=char,
                     _Traits=std::char_traits<char>
                 ]
                 c:\program files (x86)\microsoft visual studio 11.0\vc\include\istream(74) : see declaration of 'std::basic_istream<_Elem,_Traits>::_Add_vtordisp1'
                 with
                 [
                     _Elem=char,
                     _Traits=std::char_traits<char>
                 ]
     1>c:\users\dipsausje\desktop\documents\of_v0.8.4_vs_release\libs\poco\include\poco\streamconverter.h(144): warning C4250: 'Poco::OutputStreamConverter' : inherits 'std::basic_ostream<_Elem,_Traits>::std::basic_ostream<_Elem,_Traits>::_Add_vtordisp2' via dominance
                 with
                 [
                     _Elem=char,
                     _Traits=std::char_traits<char>
                 ]
                 c:\program files (x86)\microsoft visual studio 11.0\vc\include\ostream(90) : see declaration of 'std::basic_ostream<_Elem,_Traits>::_Add_vtordisp2'
                 with
                 [
                     _Elem=char,
                     _Traits=std::char_traits<char>
                 ]
     1>c:\users\dipsausje\desktop\documents\of_v0.8.4_vs_release\libs\openframeworks\events\ofevents.h(186): error C2039: 'mouseDragged' : is not a member of 'Circles'
                 c:\users\dipsausje\desktop\documents\of_v0.8.4_vs_release\apps\myapps\mmm_appelcake__\src\circles.h(18) : see declaration of 'Circles'
                 c:\users\dipsausje\desktop\documents\of_v0.8.4_vs_release\apps\myapps\mmm_appelcake__\src\ofapp.cpp(25) : see reference to function template instantiation 'void ofRegisterMouseEvents<Circles>(ListenerClass *,int)' being compiled
                 with
                 [
                     ListenerClass=Circles
                 ]
     1>c:\users\dipsausje\desktop\documents\of_v0.8.4_vs_release\libs\openframeworks\events\ofevents.h(186): error C2065: 'mouseDragged' : undeclared identifier
     1>c:\users\dipsausje\desktop\documents\of_v0.8.4_vs_release\libs\openframeworks\events\ofevents.h(187): error C2039: 'mouseMoved' : is not a member of 'Circles'
                 c:\users\dipsausje\desktop\documents\of_v0.8.4_vs_release\apps\myapps\mmm_appelcake__\src\circles.h(18) : see declaration of 'Circles'
     1>c:\users\dipsausje\desktop\documents\of_v0.8.4_vs_release\libs\openframeworks\events\ofevents.h(187): error C2065: 'mouseMoved' : undeclared identifier
     1>c:\users\dipsausje\desktop\documents\of_v0.8.4_vs_release\libs\openframeworks\events\ofevents.h(188): error C2039: 'mousePressed' : is not a member of 'Circles'
                 c:\users\dipsausje\desktop\documents\of_v0.8.4_vs_release\apps\myapps\mmm_appelcake__\src\circles.h(18) : see declaration of 'Circles'
     1>c:\users\dipsausje\desktop\documents\of_v0.8.4_vs_release\libs\openframeworks\events\ofevents.h(188): error C2065: 'mousePressed' : undeclared identifier
     1>c:\users\dipsausje\desktop\documents\of_v0.8.4_vs_release\libs\openframeworks\events\ofevents.h(189): error C2039: 'mouseReleased' : is not a member of 'Circles'
                 c:\users\dipsausje\desktop\documents\of_v0.8.4_vs_release\apps\myapps\mmm_appelcake__\src\circles.h(18) : see declaration of 'Circles'
     1>c:\users\dipsausje\desktop\documents\of_v0.8.4_vs_release\libs\openframeworks\events\ofevents.h(189): error C2065: 'mouseReleased' : undeclared identifier
         Circles.cpp
     1>c:\users\dipsausje\desktop\documents\of_v0.8.4_vs_release\libs\poco\include\poco\streamconverter.h(126): warning C4250: 'Poco::InputStreamConverter' : inherits 'std::basic_istream<_Elem,_Traits>::std::basic_istream<_Elem,_Traits>::_Add_vtordisp1' via dominance
                 with
                 [
                     _Elem=char,
                     _Traits=std::char_traits<char>
                 ]
                 c:\program files (x86)\microsoft visual studio 11.0\vc\include\istream(74) : see declaration of 'std::basic_istream<_Elem,_Traits>::_Add_vtordisp1'
                 with
                 [
                     _Elem=char,
                     _Traits=std::char_traits<char>
                 ]
     1>c:\users\dipsausje\desktop\documents\of_v0.8.4_vs_release\libs\poco\include\poco\streamconverter.h(144): warning C4250: 'Poco::OutputStreamConverter' : inherits 'std::basic_ostream<_Elem,_Traits>::std::basic_ostream<_Elem,_Traits>::_Add_vtordisp2' via dominance
                 with
                 [
                     _Elem=char,
                     _Traits=std::char_traits<char>
                 ]
                 c:\program files (x86)\microsoft visual studio 11.0\vc\include\ostream(90) : see declaration of 'std::basic_ostream<_Elem,_Traits>::_Add_vtordisp2'
                 with
                 [
                     _Elem=char,
                     _Traits=std::char_traits<char>
                 ]
     1>c:\users\dipsausje\desktop\documents\of_v0.8.4_vs_release\apps\myapps\mmm_appelcake__\src\circles.cpp(7): error C2653: 'Circles' : is not a class or namespace name
     1>c:\users\dipsausje\desktop\documents\of_v0.8.4_vs_release\apps\myapps\mmm_appelcake__\src\circles.cpp(8): error C4430: missing type specifier - int assumed. Note: C++ does not support default-int
     1>c:\users\dipsausje\desktop\documents\of_v0.8.4_vs_release\apps\myapps\mmm_appelcake__\src\circles.cpp(10): error C2065: 'speedx' : undeclared identifier
     1>c:\users\dipsausje\desktop\documents\of_v0.8.4_vs_release\apps\myapps\mmm_appelcake__\src\circles.cpp(11): error C2065: 'speedy' : undeclared identifier
     1>c:\users\dipsausje\desktop\documents\of_v0.8.4_vs_release\apps\myapps\mmm_appelcake__\src\circles.cpp(13): error C2065: 'x' : undeclared identifier
     1>c:\users\dipsausje\desktop\documents\of_v0.8.4_vs_release\apps\myapps\mmm_appelcake__\src\circles.cpp(14): error C2065: 'y' : undeclared identifier
     1>c:\users\dipsausje\desktop\documents\of_v0.8.4_vs_release\apps\myapps\mmm_appelcake__\src\circles.cpp(15): error C2065: 'radius' : undeclared identifier
     1>c:\users\dipsausje\desktop\documents\of_v0.8.4_vs_release\apps\myapps\mmm_appelcake__\src\circles.cpp(16): error C2065: 'kleur' : undeclared identifier
     1>c:\users\dipsausje\desktop\documents\of_v0.8.4_vs_release\apps\myapps\mmm_appelcake__\src\circles.cpp(17): warning C4508: 'Circles' : function should return a value; 'void' return type assumed
     1>c:\users\dipsausje\desktop\documents\of_v0.8.4_vs_release\apps\myapps\mmm_appelcake__\src\circles.cpp(21): error C2653: 'Circles' : is not a class or namespace name
     1>c:\users\dipsausje\desktop\documents\of_v0.8.4_vs_release\apps\myapps\mmm_appelcake__\src\circles.cpp(25): error C2065: 'x' : undeclared identifier
     1>c:\users\dipsausje\desktop\documents\of_v0.8.4_vs_release\apps\myapps\mmm_appelcake__\src\circles.cpp(25): error C2065: 'speedx' : undeclared identifier
     1>c:\users\dipsausje\desktop\documents\of_v0.8.4_vs_release\apps\myapps\mmm_appelcake__\src\circles.cpp(26): error C2065: 'y' : undeclared identifier
     1>c:\users\dipsausje\desktop\documents\of_v0.8.4_vs_release\apps\myapps\mmm_appelcake__\src\circles.cpp(26): error C2065: 'speedy' : undeclared identifier
     1>c:\users\dipsausje\desktop\documents\of_v0.8.4_vs_release\apps\myapps\mmm_appelcake__\src\circles.cpp(31): error C2065: 'y' : undeclared identifier
     1>c:\users\dipsausje\desktop\documents\of_v0.8.4_vs_release\apps\myapps\mmm_appelcake__\src\circles.cpp(33): error C2065: 'speedy' : undeclared identifier
     1>c:\users\dipsausje\desktop\documents\of_v0.8.4_vs_release\apps\myapps\mmm_appelcake__\src\circles.cpp(36): error C2065: 'x' : undeclared identifier
     1>c:\users\dipsausje\desktop\documents\of_v0.8.4_vs_release\apps\myapps\mmm_appelcake__\src\circles.cpp(38): error C2065: 'speedx' : undeclared identifier
     1>c:\users\dipsausje\desktop\documents\of_v0.8.4_vs_release\apps\myapps\mmm_appelcake__\src\circles.cpp(44): error C2653: 'Circles' : is not a class or namespace name
     1>c:\users\dipsausje\desktop\documents\of_v0.8.4_vs_release\apps\myapps\mmm_appelcake__\src\circles.cpp(49): error C2065: 'kleur' : undeclared identifier
     1>c:\users\dipsausje\desktop\documents\of_v0.8.4_vs_release\apps\myapps\mmm_appelcake__\src\circles.cpp(50): error C2065: 'x' : undeclared identifier
     1>c:\users\dipsausje\desktop\documents\of_v0.8.4_vs_release\apps\myapps\mmm_appelcake__\src\circles.cpp(50): error C2065: 'y' : undeclared identifier
     1>c:\users\dipsausje\desktop\documents\of_v0.8.4_vs_release\apps\myapps\mmm_appelcake__\src\circles.cpp(50): error C2065: 'radius' : undeclared identifier
     1>c:\users\dipsausje\desktop\documents\of_v0.8.4_vs_release\apps\myapps\mmm_appelcake__\src\ofapp.h(16): error C2143: syntax error : missing ';' before '*'
     1>c:\users\dipsausje\desktop\documents\of_v0.8.4_vs_release\apps\myapps\mmm_appelcake__\src\ofapp.h(16): error C4430: missing type specifier - int assumed. Note: C++ does not support default-int
     1>c:\users\dipsausje\desktop\documents\of_v0.8.4_vs_release\apps\myapps\mmm_appelcake__\src\ofapp.h(39): error C2143: syntax error : missing ';' before '*'
     1>c:\users\dipsausje\desktop\documents\of_v0.8.4_vs_release\apps\myapps\mmm_appelcake__\src\ofapp.h(39): error C4430: missing type specifier - int assumed. Note: C++ does not support default-int
         Generating Code...
     1>Done Building Project "C:\Users\dipsausje\Desktop\Documents\of_v0.8.4_vs_release\apps\myApps\mmm_appelcake__\mmm_appelcake__.vcxproj" (Build target(s)) -- FAILED.

Build FAILED.

Time Elapsed 00:00:17.34
